2024/07/09 12:20:19 [error] [exception.CHttpException.404] CHttpException: Unable to resolve the request "gii". in D:\xa5.6\htdocs\task\framework\web\CWebApplication.php:286
Stack trace:
#0 D:\xa5.6\htdocs\task\framework\web\CWebApplication.php(141): CWebApplication->runController('gii')
#1 D:\xa5.6\htdocs\task\framework\base\CApplication.php(185): CWebApplication->processRequest()
#2 D:\xa5.6\htdocs\task\task\index.php(13): CApplication->run()
#3 {main}
REQUEST_URI=/task/task/index.php?r=gii
---
2024/07/09 12:28:44 [error] [system.db.CDbCommand] CDbCommand::fetchAll() failed: SQLSTATE[42S02]: Base table or view not found: 1146 Table 'taskyii.blog_category' doesn't exist. The SQL statement executed was: SHOW FULL COLUMNS FROM `blog_category`.
in D:\xa5.6\htdocs\task\task\index.php (13)
2024/07/09 12:29:08 [error] [system.db.CDbCommand] CDbCommand::fetchAll() failed: SQLSTATE[42S02]: Base table or view not found: 1146 Table 'taskyii.blog_category' doesn't exist. The SQL statement executed was: SHOW FULL COLUMNS FROM `blog_category`.
in D:\xa5.6\htdocs\task\task\index.php (13)
2024/07/09 12:32:53 [error] [system.db.CDbCommand] CDbCommand::fetchAll() failed: SQLSTATE[42S02]: Base table or view not found: 1146 Table 'taskyii.blog_category' doesn't exist. The SQL statement executed was: SHOW FULL COLUMNS FROM `blog_category`.
in D:\xa5.6\htdocs\task\task\index.php (13)
2024/07/09 13:40:38 [error] [exception.CHttpException.404] CHttpException: Unable to resolve the request "blogs/index". in D:\xa5.6\htdocs\task\framework\web\CWebApplication.php:286
Stack trace:
#0 D:\xa5.6\htdocs\task\framework\web\CWebApplication.php(141): CWebApplication->runController('blogs/index')
#1 D:\xa5.6\htdocs\task\framework\base\CApplication.php(185): CWebApplication->processRequest()
#2 D:\xa5.6\htdocs\task\task\index.php(13): CApplication->run()
#3 {main}
REQUEST_URI=/task/task/index.php?r=blogs/index
---
2024/07/09 13:50:37 [error] [exception.CHttpException.404] CHttpException: Unable to resolve the request "blogs/admin". in D:\xa5.6\htdocs\task\framework\web\CWebApplication.php:286
Stack trace:
#0 D:\xa5.6\htdocs\task\framework\web\CWebApplication.php(141): CWebApplication->runController('blogs/admin')
#1 D:\xa5.6\htdocs\task\framework\base\CApplication.php(185): CWebApplication->processRequest()
#2 D:\xa5.6\htdocs\task\task\index.php(13): CApplication->run()
#3 {main}
REQUEST_URI=/task/task/index.php?r=blogs/admin
---
2024/07/09 13:50:41 [error] [exception.Error] Error: Object of class BlogCategory could not be converted to string in D:\xa5.6\htdocs\task\framework\web\helpers\CHtml.php:2598
Stack trace:
#0 D:\xa5.6\htdocs\task\framework\web\helpers\CHtml.php(2009): CHtml::listOptions(NULL, Array, Array)
#1 D:\xa5.6\htdocs\task\framework\web\widgets\CActiveForm.php(915): CHtml::activeDropDownList(Object(Blogs), 'category_id', Array, Array)
#2 D:\xa5.6\htdocs\task\task\protected\views\blogs\_search.php(28): CActiveForm->dropDownList(Object(Blogs), 'category_id', Array)
#3 D:\xa5.6\htdocs\task\framework\web\CBaseController.php(126): require('D:\\xa5.6\\htdocs...')
#4 D:\xa5.6\htdocs\task\framework\web\CBaseController.php(95): CBaseController->renderInternal('D:\\xa5.6\\htdocs...', Array, true)
#5 D:\xa5.6\htdocs\task\framework\web\CController.php(872): CBaseController->renderFile('D:\\xa5.6\\htdocs...', Array, true)
#6 D:\xa5.6\htdocs\task\task\protected\views\blogs\admin.php(38): CController->renderPartial('_search', Array)
#7 D:\xa5.6\htdocs\task\framework\web\CBaseController.php(126): require('D:\\xa5.6\\htdocs...')
#8 D:\xa5.6\htdocs\task\framework\web\CBaseController.php(95): CBaseController->renderInternal('D:\\xa5.6\\htdocs...', Array, true)
#9 D:\xa5.6\htdocs\task\framework\web\CController.php(872): CBaseController->renderFile('D:\\xa5.6\\htdocs...', Array, true)
#10 D:\xa5.6\htdocs\task\framework\web\CController.php(785): CController->renderPartial('admin', Array, true)
#11 D:\xa5.6\htdocs\task\task\protected\controllers\BlogsController.php(141): CController->render('admin', Array)
#12 D:\xa5.6\htdocs\task\framework\web\actions\CInlineAction.php(49): BlogsController->actionAdmin()
#13 D:\xa5.6\htdocs\task\framework\web\CController.php(308): CInlineAction->runWithParams(Array)
#14 D:\xa5.6\htdocs\task\framework\web\filters\CFilterChain.php(134): CController->runAction(Object(CInlineAction))
#15 D:\xa5.6\htdocs\task\framework\web\filters\CFilter.php(40): CFilterChain->run()
#16 D:\xa5.6\htdocs\task\framework\web\CController.php(1148): CFilter->filter(Object(CFilterChain))
#17 D:\xa5.6\htdocs\task\framework\web\filters\CInlineFilter.php(58): CController->filterAccessControl(Object(CFilterChain))
#18 D:\xa5.6\htdocs\task\framework\web\filters\CFilterChain.php(131): CInlineFilter->filter(Object(CFilterChain))
#19 D:\xa5.6\htdocs\task\framework\web\CController.php(291): CFilterChain->run()
#20 D:\xa5.6\htdocs\task\framework\web\CController.php(265): CController->runActionWithFilters(Object(CInlineAction), Array)
#21 D:\xa5.6\htdocs\task\framework\web\CWebApplication.php(282): CController->run('admin')
#22 D:\xa5.6\htdocs\task\framework\web\CWebApplication.php(141): CWebApplication->runController('BLOGS/admin')
#23 D:\xa5.6\htdocs\task\framework\base\CApplication.php(185): CWebApplication->processRequest()
#24 D:\xa5.6\htdocs\task\task\index.php(13): CApplication->run()
#25 {main}
REQUEST_URI=/task/task/index.php?r=BLOGS/admin
---
2024/07/09 13:51:09 [error] [exception.Error] Error: Object of class BlogCategory could not be converted to string in D:\xa5.6\htdocs\task\framework\web\helpers\CHtml.php:2598
Stack trace:
#0 D:\xa5.6\htdocs\task\framework\web\helpers\CHtml.php(2009): CHtml::listOptions(NULL, Array, Array)
#1 D:\xa5.6\htdocs\task\framework\web\widgets\CActiveForm.php(915): CHtml::activeDropDownList(Object(Blogs), 'category_id', Array, Array)
#2 D:\xa5.6\htdocs\task\task\protected\views\blogs\_form.php(32): CActiveForm->dropDownList(Object(Blogs), 'category_id', Array)
#3 D:\xa5.6\htdocs\task\framework\web\CBaseController.php(126): require('D:\\xa5.6\\htdocs...')
#4 D:\xa5.6\htdocs\task\framework\web\CBaseController.php(95): CBaseController->renderInternal('D:\\xa5.6\\htdocs...', Array, true)
#5 D:\xa5.6\htdocs\task\framework\web\CController.php(872): CBaseController->renderFile('D:\\xa5.6\\htdocs...', Array, true)
#6 D:\xa5.6\htdocs\task\task\protected\views\blogs\create.php(18): CController->renderPartial('_form', Array)
#7 D:\xa5.6\htdocs\task\framework\web\CBaseController.php(126): require('D:\\xa5.6\\htdocs...')
#8 D:\xa5.6\htdocs\task\framework\web\CBaseController.php(95): CBaseController->renderInternal('D:\\xa5.6\\htdocs...', Array, true)
#9 D:\xa5.6\htdocs\task\framework\web\CController.php(872): CBaseController->renderFile('D:\\xa5.6\\htdocs...', Array, true)
#10 D:\xa5.6\htdocs\task\framework\web\CController.php(785): CController->renderPartial('create', Array, true)
#11 D:\xa5.6\htdocs\task\task\protected\controllers\BlogsController.php(77): CController->render('create', Array)
#12 D:\xa5.6\htdocs\task\framework\web\actions\CInlineAction.php(49): BlogsController->actionCreate()
#13 D:\xa5.6\htdocs\task\framework\web\CController.php(308): CInlineAction->runWithParams(Array)
#14 D:\xa5.6\htdocs\task\framework\web\filters\CFilterChain.php(134): CController->runAction(Object(CInlineAction))
#15 D:\xa5.6\htdocs\task\framework\web\filters\CFilter.php(40): CFilterChain->run()
#16 D:\xa5.6\htdocs\task\framework\web\CController.php(1148): CFilter->filter(Object(CFilterChain))
#17 D:\xa5.6\htdocs\task\framework\web\filters\CInlineFilter.php(58): CController->filterAccessControl(Object(CFilterChain))
#18 D:\xa5.6\htdocs\task\framework\web\filters\CFilterChain.php(131): CInlineFilter->filter(Object(CFilterChain))
#19 D:\xa5.6\htdocs\task\framework\web\CController.php(291): CFilterChain->run()
#20 D:\xa5.6\htdocs\task\framework\web\CController.php(265): CController->runActionWithFilters(Object(CInlineAction), Array)
#21 D:\xa5.6\htdocs\task\framework\web\CWebApplication.php(282): CController->run('create')
#22 D:\xa5.6\htdocs\task\framework\web\CWebApplication.php(141): CWebApplication->runController('bLOGS/create')
#23 D:\xa5.6\htdocs\task\framework\base\CApplication.php(185): CWebApplication->processRequest()
#24 D:\xa5.6\htdocs\task\task\index.php(13): CApplication->run()
#25 {main}
REQUEST_URI=/task/task/index.php?r=bLOGS/create
HTTP_REFERER=http://localhost/task/task/index.php?r=BLOGS/index
---
2024/07/09 13:51:39 [error] [exception.Error] Error: Object of class BlogCategory could not be converted to string in D:\xa5.6\htdocs\task\framework\web\helpers\CHtml.php:2598
Stack trace:
#0 D:\xa5.6\htdocs\task\framework\web\helpers\CHtml.php(2009): CHtml::listOptions(NULL, Array, Array)
#1 D:\xa5.6\htdocs\task\framework\web\widgets\CActiveForm.php(915): CHtml::activeDropDownList(Object(Blogs), 'category_id', Array, Array)
#2 D:\xa5.6\htdocs\task\task\protected\views\blogs\_form.php(32): CActiveForm->dropDownList(Object(Blogs), 'category_id', Array)
#3 D:\xa5.6\htdocs\task\framework\web\CBaseController.php(126): require('D:\\xa5.6\\htdocs...')
#4 D:\xa5.6\htdocs\task\framework\web\CBaseController.php(95): CBaseController->renderInternal('D:\\xa5.6\\htdocs...', Array, true)
#5 D:\xa5.6\htdocs\task\framework\web\CController.php(872): CBaseController->renderFile('D:\\xa5.6\\htdocs...', Array, true)
#6 D:\xa5.6\htdocs\task\task\protected\views\blogs\create.php(18): CController->renderPartial('_form', Array)
#7 D:\xa5.6\htdocs\task\framework\web\CBaseController.php(126): require('D:\\xa5.6\\htdocs...')
#8 D:\xa5.6\htdocs\task\framework\web\CBaseController.php(95): CBaseController->renderInternal('D:\\xa5.6\\htdocs...', Array, true)
#9 D:\xa5.6\htdocs\task\framework\web\CController.php(872): CBaseController->renderFile('D:\\xa5.6\\htdocs...', Array, true)
#10 D:\xa5.6\htdocs\task\framework\web\CController.php(785): CController->renderPartial('create', Array, true)
#11 D:\xa5.6\htdocs\task\task\protected\controllers\BlogsController.php(77): CController->render('create', Array)
#12 D:\xa5.6\htdocs\task\framework\web\actions\CInlineAction.php(49): BlogsController->actionCreate()
#13 D:\xa5.6\htdocs\task\framework\web\CController.php(308): CInlineAction->runWithParams(Array)
#14 D:\xa5.6\htdocs\task\framework\web\filters\CFilterChain.php(134): CController->runAction(Object(CInlineAction))
#15 D:\xa5.6\htdocs\task\framework\web\filters\CFilter.php(40): CFilterChain->run()
#16 D:\xa5.6\htdocs\task\framework\web\CController.php(1148): CFilter->filter(Object(CFilterChain))
#17 D:\xa5.6\htdocs\task\framework\web\filters\CInlineFilter.php(58): CController->filterAccessControl(Object(CFilterChain))
#18 D:\xa5.6\htdocs\task\framework\web\filters\CFilterChain.php(131): CInlineFilter->filter(Object(CFilterChain))
#19 D:\xa5.6\htdocs\task\framework\web\CController.php(291): CFilterChain->run()
#20 D:\xa5.6\htdocs\task\framework\web\CController.php(265): CController->runActionWithFilters(Object(CInlineAction), Array)
#21 D:\xa5.6\htdocs\task\framework\web\CWebApplication.php(282): CController->run('create')
#22 D:\xa5.6\htdocs\task\framework\web\CWebApplication.php(141): CWebApplication->runController('bLOGS/create')
#23 D:\xa5.6\htdocs\task\framework\base\CApplication.php(185): CWebApplication->processRequest()
#24 D:\xa5.6\htdocs\task\task\index.php(13): CApplication->run()
#25 {main}
REQUEST_URI=/task/task/index.php?r=bLOGS/create
HTTP_REFERER=http://localhost/task/task/index.php?r=BLOGS/index
---
